<?xml version="1.0" encoding="UTF-8"?>
<!-- Generated by org.testng.reporters.JUnitXMLReporter -->
<testsuite hostname="DESKTOP-8BMKDBU" ignored="0" name="Default test" tests="10" failures="0" timestamp="19 Aug 2019 17:12:43 GMT" time="62.847" errors="0">
  <testcase name="FormFill" time="6.546" classname="module9.TestCase.DDT"/>
  <testcase name="FormFill" time="5.788" classname="module9.TestCase.DDT"/>
  <testcase name="FormFill" time="5.831" classname="module9.TestCase.DDT"/>
  <testcase name="FormFill" time="5.832" classname="module9.TestCase.DDT"/>
  <testcase name="FormFill" time="5.796" classname="module9.TestCase.DDT"/>
  <testcase name="FormFill" time="5.79" classname="module9.TestCase.DDT"/>
  <testcase name="FormFill" time="5.783" classname="module9.TestCase.DDT"/>
  <testcase name="FormFill" time="5.97" classname="module9.TestCase.DDT"/>
  <testcase name="FormFill" time="5.911" classname="module9.TestCase.DDT"/>
  <testcase name="FormFill" time="5.688" classname="module9.TestCase.DDT"/>
</testsuite> <!-- Default test -->
