<?xml version="1.0" encoding="UTF-8"?>
<!-- Generated by org.testng.reporters.JUnitXMLReporter -->
<testsuite hostname="DESKTOP-8BMKDBU" ignored="0" name="Github_Login1" tests="5" failures="0" timestamp="14 Aug 2019 15:46:49 GMT" time="34.519" errors="0">
  <testcase name="OpenBrowser" time="6.139" classname="module6.GitHubLogin"/>
  <testcase name="OpenAUT" time="4.441" classname="module6.GitHubLogin"/>
  <testcase name="Login" time="9.802" classname="module6.GitHubLogin"/>
  <testcase name="Logout" time="7.668" classname="module6.GitHubLogin"/>
  <testcase name="CloseTestCase" time="6.443" classname="module6.GitHubLogin"/>
</testsuite> <!-- Github_Login1 -->
