<?xml version="1.0" encoding="UTF-8"?>
<!-- Generated by org.testng.reporters.JUnitXMLReporter -->
<testsuite hostname="DESKTOP-8BMKDBU" ignored="0" name="Chrome2" tests="6" failures="0" timestamp="15 Aug 2019 14:56:11 GMT" time="133.708" errors="0">
  <testcase name="openBrowser" time="102.122" classname="module7.GitHubLogin"/>
  <testcase name="OpenBrowser" time="7.162" classname="module7.GitHubLogin"/>
  <testcase name="OpenAUT" time="4.107" classname="module7.GitHubLogin"/>
  <testcase name="Login" time="10.084" classname="module7.GitHubLogin"/>
  <testcase name="Logout" time="6.182" classname="module7.GitHubLogin"/>
  <testcase name="CloseTestCase" time="3.995" classname="module7.GitHubLogin"/>
</testsuite> <!-- Chrome2 -->
