<?xml version="1.0" encoding="UTF-8"?>
<!-- Generated by org.testng.reporters.JUnitXMLReporter -->
<testsuite hostname="DESKTOP-8BMKDBU" ignored="0" name="Chrome1" tests="6" failures="0" timestamp="15 Aug 2019 14:56:08 GMT" time="130.922" errors="0">
  <testcase name="openBrowser" time="102.407" classname="module7.GitHubLogin"/>
  <testcase name="OpenBrowser" time="7.183" classname="module7.GitHubLogin"/>
  <testcase name="OpenAUT" time="3.725" classname="module7.GitHubLogin"/>
  <testcase name="Login" time="7.669" classname="module7.GitHubLogin"/>
  <testcase name="Logout" time="5.24" classname="module7.GitHubLogin"/>
  <testcase name="CloseTestCase" time="4.648" classname="module7.GitHubLogin"/>
</testsuite> <!-- Chrome1 -->
