<?xml version="1.0" encoding="UTF-8"?>
<testng-results skipped="0" failed="0" ignored="0" total="10" passed="10">
  <reporter-output>
  </reporter-output>
  <suite name="Default suite" duration-ms="62847" started-at="2019-08-19T17:11:40Z" finished-at="2019-08-19T17:12:43Z">
    <groups>
    </groups>
    <test name="Default test" duration-ms="62847" started-at="2019-08-19T17:11:40Z" finished-at="2019-08-19T17:12:43Z">
      <class name="module9.TestCase.DDT">
        <test-method status="PASS" signature="OpenAUT()[pri:0, instance:module9.TestCase.DDT@11758f2a]" name="OpenAUT" is-config="true" duration-ms="15747" started-at="2019-08-19T17:11:24Z" finished-at="2019-08-19T17:11:40Z">
          <reporter-output>
          </reporter-output>
        </test-method> <!-- OpenAUT -->
        <test-method status="PASS" signature="FormFill(java.lang.String, java.lang.String, java.lang.String)[pri:0, instance:module9.TestCase.DDT@11758f2a]" name="FormFill" duration-ms="6546" started-at="2019-08-19T17:11:44Z" data-provider="testDataFeed" finished-at="2019-08-19T17:11:51Z">
          <params>
            <param index="0">
              <value>
                <![CDATA[Amit]]>
              </value>
            </param>
            <param index="1">
              <value>
                <![CDATA[Jain]]>
              </value>
            </param>
            <param index="2">
              <value>
                <![CDATA[Gujrat]]>
              </value>
            </param>
          </params>
          <reporter-output>
          </reporter-output>
        </test-method> <!-- FormFill -->
        <test-method status="PASS" signature="FormFill(java.lang.String, java.lang.String, java.lang.String)[pri:0, instance:module9.TestCase.DDT@11758f2a]" name="FormFill" duration-ms="5788" started-at="2019-08-19T17:11:51Z" data-provider="testDataFeed" finished-at="2019-08-19T17:11:56Z">
          <params>
            <param index="0">
              <value>
                <![CDATA[Sam]]>
              </value>
            </param>
            <param index="1">
              <value>
                <![CDATA[Joseph]]>
              </value>
            </param>
            <param index="2">
              <value>
                <![CDATA[Goa]]>
              </value>
            </param>
          </params>
          <reporter-output>
          </reporter-output>
        </test-method> <!-- FormFill -->
        <test-method status="PASS" signature="FormFill(java.lang.String, java.lang.String, java.lang.String)[pri:0, instance:module9.TestCase.DDT@11758f2a]" name="FormFill" duration-ms="5831" started-at="2019-08-19T17:11:56Z" data-provider="testDataFeed" finished-at="2019-08-19T17:12:02Z">
          <params>
            <param index="0">
              <value>
                <![CDATA[Sumit]]>
              </value>
            </param>
            <param index="1">
              <value>
                <![CDATA[Pandey]]>
              </value>
            </param>
            <param index="2">
              <value>
                <![CDATA[Delhi]]>
              </value>
            </param>
          </params>
          <reporter-output>
          </reporter-output>
        </test-method> <!-- FormFill -->
        <test-method status="PASS" signature="FormFill(java.lang.String, java.lang.String, java.lang.String)[pri:0, instance:module9.TestCase.DDT@11758f2a]" name="FormFill" duration-ms="5832" started-at="2019-08-19T17:12:02Z" data-provider="testDataFeed" finished-at="2019-08-19T17:12:08Z">
          <params>
            <param index="0">
              <value>
                <![CDATA[James]]>
              </value>
            </param>
            <param index="1">
              <value>
                <![CDATA[Desuza]]>
              </value>
            </param>
            <param index="2">
              <value>
                <![CDATA[Mumbai]]>
              </value>
            </param>
          </params>
          <reporter-output>
          </reporter-output>
        </test-method> <!-- FormFill -->
        <test-method status="PASS" signature="FormFill(java.lang.String, java.lang.String, java.lang.String)[pri:0, instance:module9.TestCase.DDT@11758f2a]" name="FormFill" duration-ms="5796" started-at="2019-08-19T17:12:08Z" data-provider="testDataFeed" finished-at="2019-08-19T17:12:14Z">
          <params>
            <param index="0">
              <value>
                <![CDATA[Rohit]]>
              </value>
            </param>
            <param index="1">
              <value>
                <![CDATA[Joshi]]>
              </value>
            </param>
            <param index="2">
              <value>
                <![CDATA[Pune]]>
              </value>
            </param>
          </params>
          <reporter-output>
          </reporter-output>
        </test-method> <!-- FormFill -->
        <test-method status="PASS" signature="FormFill(java.lang.String, java.lang.String, java.lang.String)[pri:0, instance:module9.TestCase.DDT@11758f2a]" name="FormFill" duration-ms="5790" started-at="2019-08-19T17:12:14Z" data-provider="testDataFeed" finished-at="2019-08-19T17:12:20Z">
          <params>
            <param index="0">
              <value>
                <![CDATA[Jain]]>
              </value>
            </param>
            <param index="1">
              <value>
                <![CDATA[Amit]]>
              </value>
            </param>
            <param index="2">
              <value>
                <![CDATA[Gujrat]]>
              </value>
            </param>
          </params>
          <reporter-output>
          </reporter-output>
        </test-method> <!-- FormFill -->
        <test-method status="PASS" signature="FormFill(java.lang.String, java.lang.String, java.lang.String)[pri:0, instance:module9.TestCase.DDT@11758f2a]" name="FormFill" duration-ms="5783" started-at="2019-08-19T17:12:20Z" data-provider="testDataFeed" finished-at="2019-08-19T17:12:25Z">
          <params>
            <param index="0">
              <value>
                <![CDATA[Joseph]]>
              </value>
            </param>
            <param index="1">
              <value>
                <![CDATA[Sam]]>
              </value>
            </param>
            <param index="2">
              <value>
                <![CDATA[Goa]]>
              </value>
            </param>
          </params>
          <reporter-output>
          </reporter-output>
        </test-method> <!-- FormFill -->
        <test-method status="PASS" signature="FormFill(java.lang.String, java.lang.String, java.lang.String)[pri:0, instance:module9.TestCase.DDT@11758f2a]" name="FormFill" duration-ms="5970" started-at="2019-08-19T17:12:25Z" data-provider="testDataFeed" finished-at="2019-08-19T17:12:31Z">
          <params>
            <param index="0">
              <value>
                <![CDATA[Pandey]]>
              </value>
            </param>
            <param index="1">
              <value>
                <![CDATA[Sumit]]>
              </value>
            </param>
            <param index="2">
              <value>
                <![CDATA[Delhi]]>
              </value>
            </param>
          </params>
          <reporter-output>
          </reporter-output>
        </test-method> <!-- FormFill -->
        <test-method status="PASS" signature="FormFill(java.lang.String, java.lang.String, java.lang.String)[pri:0, instance:module9.TestCase.DDT@11758f2a]" name="FormFill" duration-ms="5911" started-at="2019-08-19T17:12:31Z" data-provider="testDataFeed" finished-at="2019-08-19T17:12:37Z">
          <params>
            <param index="0">
              <value>
                <![CDATA[Desuza]]>
              </value>
            </param>
            <param index="1">
              <value>
                <![CDATA[James]]>
              </value>
            </param>
            <param index="2">
              <value>
                <![CDATA[Mumbai]]>
              </value>
            </param>
          </params>
          <reporter-output>
          </reporter-output>
        </test-method> <!-- FormFill -->
        <test-method status="PASS" signature="FormFill(java.lang.String, java.lang.String, java.lang.String)[pri:0, instance:module9.TestCase.DDT@11758f2a]" name="FormFill" duration-ms="5688" started-at="2019-08-19T17:12:37Z" data-provider="testDataFeed" finished-at="2019-08-19T17:12:43Z">
          <params>
            <param index="0">
              <value>
                <![CDATA[Joshi]]>
              </value>
            </param>
            <param index="1">
              <value>
                <![CDATA[Rohit]]>
              </value>
            </param>
            <param index="2">
              <value>
                <![CDATA[Pune]]>
              </value>
            </param>
          </params>
          <reporter-output>
          </reporter-output>
        </test-method> <!-- FormFill -->
        <test-method status="PASS" signature="QuitProcess()[pri:0, instance:module9.TestCase.DDT@11758f2a]" name="QuitProcess" is-config="true" duration-ms="1984" started-at="2019-08-19T17:12:43Z" finished-at="2019-08-19T17:12:45Z">
          <reporter-output>
          </reporter-output>
        </test-method> <!-- QuitProcess -->
      </class> <!-- module9.TestCase.DDT -->
    </test> <!-- Default test -->
  </suite> <!-- Default suite -->
</testng-results>
