<?xml version="1.0" encoding="UTF-8"?>
<!-- Generated by org.testng.reporters.JUnitXMLReporter -->
<testsuite hostname="DESKTOP-8BMKDBU" ignored="0" name="Chrome" tests="5" failures="0" timestamp="14 Aug 2019 16:40:47 GMT" time="49.719" errors="0">
  <testcase name="openBrowser" time="12.681" classname="module6.Cross_Parallel"/>
  <testcase name="OpenAUT" time="8.893" classname="module6.Cross_Parallel"/>
  <testcase name="Login" time="12.888" classname="module6.Cross_Parallel"/>
  <testcase name="Logout" time="8.978" classname="module6.Cross_Parallel"/>
  <testcase name="CloseTestCase" time="6.157" classname="module6.Cross_Parallel"/>
</testsuite> <!-- Chrome -->
