<?xml version="1.0" encoding="UTF-8"?>
<!-- Generated by org.testng.reporters.JUnitXMLReporter -->
<testsuite hostname="DESKTOP-8BMKDBU" ignored="0" name="Chrome1" tests="5" failures="5" timestamp="15 Aug 2019 14:47:23 GMT" time="6.133" errors="0">
  <testcase name="openBrowser" time="0.0" classname="module6.Cross_Parallel">
    <failure type="org.testng.TestNGException" message="
Parameter &amp;apos;B&amp;apos; is required by @Test on method openBrowser but has not been marked @Optional or defined
in C:\Users\Nikasio\Box\Laptop Space\Training\Programs_WorkSpace\Edureka_Batches\Edureka_29thJuly\src\module7\ParallelExecution.xml">
      <![CDATA[org.testng.TestNGException: 
Parameter 'B' is required by @Test on method openBrowser but has not been marked @Optional or defined
in C:\Users\Nikasio\Box\Laptop Space\Training\Programs_WorkSpace\Edureka_Batches\Edureka_29thJuly\src\module7\ParallelExecution.xml
at java.util.concurrent.FutureTask.run(Unknown Source)
at java.util.concurrent.ThreadPoolExecutor.runWorker(Unknown Source)
at java.util.concurrent.ThreadPoolExecutor$Worker.run(Unknown Source)
at java.lang.Thread.run(Unknown Source)
... Removed 15 stack frames]]>
    </failure>
  </testcase> <!-- openBrowser -->
  <testcase name="OpenAUT" time="0.015" classname="module6.Cross_Parallel">
    <failure type="java.lang.NullPointerException">
      <![CDATA[java.lang.NullPointerException
at module6.Cross_Parallel.OpenAUT(Cross_Parallel.java:44)
at java.util.concurrent.FutureTask.run(Unknown Source)
at java.util.concurrent.ThreadPoolExecutor.runWorker(Unknown Source)
at java.util.concurrent.ThreadPoolExecutor$Worker.run(Unknown Source)
at java.lang.Thread.run(Unknown Source)
... Removed 16 stack frames]]>
    </failure>
  </testcase> <!-- OpenAUT -->
  <testcase name="Login" time="0.019" classname="module6.Cross_Parallel">
    <failure type="java.lang.NullPointerException">
      <![CDATA[java.lang.NullPointerException
at module6.Cross_Parallel.Login(Cross_Parallel.java:52)
at java.util.concurrent.FutureTask.run(Unknown Source)
at java.util.concurrent.ThreadPoolExecutor.runWorker(Unknown Source)
at java.util.concurrent.ThreadPoolExecutor$Worker.run(Unknown Source)
at java.lang.Thread.run(Unknown Source)
... Removed 16 stack frames]]>
    </failure>
  </testcase> <!-- Login -->
  <testcase name="Logout" time="3.002" classname="module6.Cross_Parallel">
    <failure type="java.lang.NullPointerException">
      <![CDATA[java.lang.NullPointerException
at module6.Cross_Parallel.Logout(Cross_Parallel.java:69)
at java.util.concurrent.FutureTask.run(Unknown Source)
at java.util.concurrent.ThreadPoolExecutor.runWorker(Unknown Source)
at java.util.concurrent.ThreadPoolExecutor$Worker.run(Unknown Source)
at java.lang.Thread.run(Unknown Source)
... Removed 16 stack frames]]>
    </failure>
  </testcase> <!-- Logout -->
  <testcase name="CloseTestCase" time="3.003" classname="module6.Cross_Parallel">
    <failure type="java.lang.NullPointerException">
      <![CDATA[java.lang.NullPointerException
at module6.Cross_Parallel.CloseTestCase(Cross_Parallel.java:80)
at java.util.concurrent.FutureTask.run(Unknown Source)
at java.util.concurrent.ThreadPoolExecutor.runWorker(Unknown Source)
at java.util.concurrent.ThreadPoolExecutor$Worker.run(Unknown Source)
at java.lang.Thread.run(Unknown Source)
... Removed 16 stack frames]]>
    </failure>
  </testcase> <!-- CloseTestCase -->
</testsuite> <!-- Chrome1 -->
