<?xml version="1.0" encoding="UTF-8"?>
<!-- Generated by org.testng.reporters.JUnitXMLReporter -->
<testsuite hostname="DESKTOP-8BMKDBU" ignored="0" name="Chrome_test" tests="5" failures="0" timestamp="14 Aug 2019 16:40:50 GMT" time="52.508" errors="0">
  <testcase name="OpenBrowser" time="13.164" classname="module6.GitHubLogin"/>
  <testcase name="OpenAUT" time="8.424" classname="module6.GitHubLogin"/>
  <testcase name="Login" time="15.963" classname="module6.GitHubLogin"/>
  <testcase name="Logout" time="9.798" classname="module6.GitHubLogin"/>
  <testcase name="CloseTestCase" time="5.082" classname="module6.GitHubLogin"/>
</testsuite> <!-- Chrome_test -->
