<?xml version="1.0" encoding="UTF-8"?>
<!-- Generated by org.testng.reporters.JUnitXMLReporter -->
<testsuite hostname="DESKTOP-8BMKDBU" ignored="0" name="Firefox" tests="5" failures="0" timestamp="14 Aug 2019 16:40:51 GMT" time="52.931" errors="0">
  <testcase name="openBrowser" time="25.774" classname="module6.Cross_Parallel"/>
  <testcase name="OpenAUT" time="4.939" classname="module6.Cross_Parallel"/>
  <testcase name="Login" time="8.466" classname="module6.Cross_Parallel"/>
  <testcase name="Logout" time="6.121" classname="module6.Cross_Parallel"/>
  <testcase name="CloseTestCase" time="7.555" classname="module6.Cross_Parallel"/>
</testsuite> <!-- Firefox -->
